Logged in as ArianaBot - 285936359892320260
Ready!
jrivers joined Ariana Grande
Fearless Swiftie has set my status to Slaying the World
Logged in as ArianaBot - 285936359892320260
Ready!
Fearless Swiftie changed the topic in botdev to 😏
PicksEnduz has added themselves to the Dangerous Woman role.
PicksEnduz has added themselves to the My Everything role.
Logged in as ArianaBot - 285936359892320260
Ready!
Xiu has added themselves to the My Everything role.
Logged in as ArianaBot - 285936359892320260
Ready!
prozed has added themselves to the Dangerous Woman role.
Atmos has either been kicked or left the server.
jason has either been kicked or left the server.
Itachi has either been kicked or left the server.
TheGinger has either been kicked or left the server.
Fletch has either been kicked or left the server.
baab has either been kicked or left the server.
zyo has either been kicked or left the server.
no has either been kicked or left the server.
vkuv has either been kicked or left the server.
WiscoKid98 has either been kicked or left the server.
john has either been kicked or left the server.
Playting has either been kicked or left the server.
Karhu has either been kicked or left the server.
za has either been kicked or left the server.
Logged in as ArianaBot - 285936359892320260
Ready!
Logged in as ArianaBot - 285936359892320260
Ready!
Logged in as ArianaBot - 285936359892320260
Ready!
Logged in as ArianaBot - 285936359892320260
Ready!
Logged in as ArianaBot - 285936359892320260
Ready!
Logged in as ArianaBot - 285936359892320260
Ready!
Logged in as ArianaBot - 285936359892320260
Ready!
Logged in as ArianaBot - 285936359892320260
Ready!
Ari xx joined Ariana Grande
Logged in as ArianaBot - 285936359892320260
Ready!
Logged in as ArianaBot - 285936359892320260
Ready!
Logged in as ArianaBot - 285936359892320260
Ready!
Logged in as ArianaBot - 285936359892320260
Ready!
Logged in as ArianaBot - 285936359892320260
Ready!
Logged in as ArianaBot - 285936359892320260
Ready!
Logged in as ArianaBot - 285936359892320260
Ready!
Logged in as ArianaBot - 285936359892320260
Ready!
Logged in as ArianaBot - 285936359892320260
Ready!
Logged in as ArianaBot - 285936359892320260
Ready!
Logged in as ArianaBot - 285936359892320260
Ready!
Logged in as ArianaBot - 285936359892320260
Ready!
Logged in as ArianaBot - 285936359892320260
Ready!
Jim joined Ariana Grande
Konata Izumi joined Ariana Grande
Logged in as ArianaBot - 285936359892320260
Ready!
Logged in as ArianaBot - 285936359892320260
Ready!
Logged in as ArianaBot - 285936359892320260
Ready!
Logged in as ArianaBot - 285936359892320260
Ready!
Logged in as ArianaBot - 285936359892320260
Ready!
Logged in as ArianaBot - 285936359892320260
Ready!
Logged in as ArianaBot - 285936359892320260
Ready!
Logged in as ArianaBot - 285936359892320260
Ready!
Logged in as ArianaBot - 285936359892320260
Ready!
Logged in as ArianaBot - 285936359892320260
Ready!
Logged in as ArianaBot - 285936359892320260
Ready!
Logged in as ArianaBot - 285936359892320260
Ready!
Logged in as ArianaBot - 285936359892320260
Ready!
Logged in as ArianaBot - 285936359892320260
Ready!
DaveLizewski joined Ariana Grande
Jay joined Ariana Grande
Trevor062798 joined Ariana Grande
ghwlar joined Ariana Grande
Arianator joined Ariana Grande
Apollinino joined Ariana Grande
bro joined Ariana Grande
CodeDr joined Ariana Grande
wobby joined Ariana Grande
sunshine526 joined Ariana Grande
Sentrix joined Ariana Grande
Daniel has added themselves to the My Everything role.
Daniel has added themselves to the Dangerous Woman role.
Logged in as ArianaBot - 285936359892320260
Ready!
MetallicGray0 has either been kicked or left the server.
Logged in as ArianaBot - 285936359892320260
Ready!
Logged in as ArianaBot - 285936359892320260
Ready!
Logged in as ArianaBot - 285936359892320260
Ready!
Angelsboy96 joined Ariana Grande
gmqwerf joined Ariana Grande
gmqwerf was banned from the server by joeyer5.
gmqwerf has either been kicked or left the server.
Sloth joined Ariana Grande
d0gb3rt has either been kicked or left the server.
DaveLizewski has either been kicked or left the server.
Dr.Unfähig has either been kicked or left the server.
jrivers has either been kicked or left the server.
AriLover joined Ariana Grande
EarFucker joined Ariana Grande
LickMyEarsPlease joined Ariana Grande
EarFucker was banned from the server by joeyer5.
EarFucker has either been kicked or left the server.
LickMyEarsPlease was banned from the server by joeyer5.
LickMyEarsPlease has either been kicked or left the server.
EarLoverrrr joined Ariana Grande
EarLoverrrr has either been kicked or left the server.
Logged in as ArianaBot - 285936359892320260
Ready!
Logged in as ArianaBot - 285936359892320260
Ready!
ahaan15 joined Ariana Grande
gkaakg joined Ariana Grande
Detjomig joined Ariana Grande
jamas3000 joined Ariana Grande
jamas3000 has either been kicked or left the server.
asdfasdf joined Ariana Grande
awefawef joined Ariana Grande
Pistiaan joined Ariana Grande
themrnoodle joined Ariana Grande
mrnoodle joined Ariana Grande
laud joined Ariana Grande
the dot joined Ariana Grande
the dot has either been kicked or left the server.
Ermr joined Ariana Grande
derpderp joined Ariana Grande
Logged in as ArianaBot - 285936359892320260
Ready!
TakeAChance5001 joined Ariana Grande
Georgetown Halloween joined Ariana Grande
jshuk joined Ariana Grande
Juicy joined Ariana Grande
wallfullFTW joined Ariana Grande
ebey11 joined Ariana Grande
Nyx joined Ariana Grande
blag joined Ariana Grande
joejoejoe joined Ariana Grande
bellistener joined Ariana Grande
ChargedGnat joined Ariana Grande
ChargedGnat has either been kicked or left the server.
ChargedGnat joined Ariana Grande
kook joined Ariana Grande
ffftttttt joined Ariana Grande
mike joined Ariana Grande
mike has either been kicked or left the server.
Pata joined Ariana Grande
DarthNihilus joined Ariana Grande
Logged in as ArianaBot - 285936359892320260
Ready!
Strumjangles joined Ariana Grande
Strumjangles has either been kicked or left the server.
eTHAN '0O0O0O0O0O00O' joined Ariana Grande
Logged in as ArianaBot - 285936359892320260
Ready!
Logged in as ArianaBot - 285936359892320260
Ready!
Runtness joined Ariana Grande
Logged in as ArianaBot - 285936359892320260
Ready!
lilpraise joined Ariana Grande
lilpraise has either been kicked or left the server.
LegalizeObama joined Ariana Grande
sickened joined Ariana Grande
sickened joined Ariana Grande
sickened has either been kicked or left the server.
wasd joined Ariana Grande
thegrindhouse has either been kicked or left the server.
TypeError: Cannot read property 'ban' of null
    at Client.arianaBot.on.err (/home/ec2-user/Ariana Bot/main.js:57:49)
    at emitOne (events.js:96:13)
    at Client.emit (events.js:188:7)
    at MessageCreateHandler.handle (/home/ec2-user/Ariana Bot/node_modules/discord.js/src/client/websocket/packets/handlers/MessageCreate.js:9:34)
    at WebSocketPacketManager.handle (/home/ec2-user/Ariana Bot/node_modules/discord.js/src/client/websocket/packets/WebSocketPacketManager.js:120:65)
    at WebSocketManager.eventMessage (/home/ec2-user/Ariana Bot/node_modules/discord.js/src/client/websocket/WebSocketManager.js:273:31)
    at WebSocket.onMessage (/home/ec2-user/Ariana Bot/node_modules/ws/lib/WebSocket.js:442:14)
    at emitTwo (events.js:106:13)
    at WebSocket.emit (events.js:191:7)
    at Receiver.ontext (/home/ec2-user/Ariana Bot/node_modules/ws/lib/WebSocket.js:841:10)
Logged in as ArianaBot - 285936359892320260
Ready!
itsjudytime joined Ariana Grande
itsjudytime has either been kicked or left the server.
Logged in as ArianaBot - 285936359892320260
Ready!
Logged in as ArianaBot - 285936359892320260
Ready!
nafnsfw1 joined Ariana Grande
nafnsfw1 has either been kicked or left the server.
Logged in as ArianaBot - 285936359892320260
Ready!
Logged in as ArianaBot - 285936359892320260
Ready!
swad joined Ariana Grande
(node:5673) UnhandledPromiseRejectionWarning: Unhandled promise rejection (rejection id: 1): Error: Bad Request
Ceptic Frenzy joined Ariana Grande
Logged in as ArianaBot - 285936359892320260
Ready!
laud has either been kicked or left the server.
Logged in as ArianaBot - 285936359892320260
Ready!
Logged in as ArianaBot - 285936359892320260
Ready!
bloop joined Ariana Grande
purpledurple has either been kicked or left the server.
sder joined Ariana Grande
Urban joined Ariana Grande
Logged in as ArianaBot - 285936359892320260
Ready!
Logged in as ArianaBot - 285936359892320260
Ready!
Logged in as ArianaBot - 285936359892320260
Ready!
erfs joined Ariana Grande
Logged in as ArianaBot - 285936359892320260
Ready!
Logged in as ArianaBot - 285936359892320260
Ready!
Logged in as ArianaBot - 285936359892320260
Ready!
Logged in as ArianaBot - 285936359892320260
Ready!
Logged in as ArianaBot - 285936359892320260
Ready!
erty joined Ariana Grande
Logged in as ArianaBot - 285936359892320260
Ready!
Logged in as ArianaBot - 285936359892320260
Ready!
Logged in as ArianaBot - 285936359892320260
Ready!
Logged in as ArianaBot - 285936359892320260
Ready!
Logged in as ArianaBot - 285936359892320260
Ready!
Logged in as ArianaBot - 285936359892320260
Ready!
Robby has added themselves to the My Everything role.
Logged in as ArianaBot - 285936359892320260
Ready!
qwop joined Ariana Grande
Logged in as ArianaBot - 285936359892320260
Ready!
yuty joined Ariana Grande
Param joined Ariana Grande
bluehxrizon joined Ariana Grande
alice joined Ariana Grande
Param has added themselves to the Dangerous Woman role.
bluehxrizon has added themselves to the Dangerous Woman role.
ahaan15 has added themselves to the Dangerous Woman role.
tayfop has added themselves to the Dangerous Woman role.
Sentrix has either been kicked or left the server.
Logged in as ArianaBot - 285936359892320260
Ready!
Logged in as ArianaBot - 285936359892320260
Ready!
Georgetown Halloween has either been kicked or left the server.
Logged in as ArianaBot - 285936359892320260
Ready!
Fearless Swiftie has added themselves to the Christmas & Chill role.
Fearless Swiftie has cleared their favorite album. Appropriate roles have been removed.
Fearless Swiftie has added themselves to the Dangerous Woman role.
Logged in as ArianaBot - 285936359892320260
Ready!
/home/ec2-user/arianabot/node_modules/discord.js/src/client/Client.js:19
class Client extends EventEmitter {
^^^^^

SyntaxError: Block-scoped declarations (let, const, function, class) not yet supported outside strict mode
    at exports.runInThisContext (vm.js:53:16)
    at Module._compile (module.js:373:25)
    at Object.Module._extensions..js (module.js:416:10)
    at Module.load (module.js:343:32)
    at Function.Module._load (module.js:300:12)
    at Module.require (module.js:353:17)
    at require (internal/module.js:12:17)
    at Object.<anonymous> (/home/ec2-user/arianabot/node_modules/discord.js/src/index.js:2:11)
    at Module._compile (module.js:409:26)
    at Object.Module._extensions..js (module.js:416:10)
Logged in as ArianaBot - 285936359892320260
Ready!
Logged in as ArianaBot - 285936359892320260
Ready!
Fearless Swiftie has cleared their favorite album. Appropriate roles have been removed.
Fearless Swiftie has added themselves to the Dangerous Woman role.
Logged in as ArianaBot - 285936359892320260
Ready!
Logged in as ArianaBot - 285936359892320260
Ready!
Max joined Ariana Grande
Logged in as ArianaBot - 285936359892320260
Ready!
Logged in as ArianaBot - 285936359892320260
Ready!
Logged in as ArianaBot - 285936359892320260
Ready!
Logged in as ArianaBot - 285936359892320260
Ready!
Logged in as ArianaBot - 285936359892320260
Ready!
Logged in as ArianaBot - 285936359892320260
Ready!
Logged in as ArianaBot - 285936359892320260
Ready!
Crono joined Ariana Grande
Edrick (eklxtreme) joined Ariana Grande
mother_rucker joined Ariana Grande
MGE joined Ariana Grande
Crono has added themselves to the Dangerous Woman role.
Edrick (eklxtreme) has added themselves to the My Everything role.
mother_rucker has added themselves to the Dangerous Woman role.
MGE has added themselves to the Dangerous Woman role.
Not Easy Indeed joined Ariana Grande
Fearless Swiftie changed the topic in dangerouswoman to <@!115631289201065993>  got to see ariana live today :3
Logged in as ArianaBot - 285936359892320260
Ready!
Logged in as ArianaBot - 285936359892320260
Ready!
Logged in as ArianaBot - 285936359892320260
Ready!
Logged in as ArianaBot - 285936359892320260
Ready!
Logged in as ArianaBot - 285936359892320260
Ready!
Logged in as ArianaBot - 285936359892320260
Ready!
Logged in as ArianaBot - 285936359892320260
Ready!
Logged in as ArianaBot - 285936359892320260
Ready!
Logged in as ArianaBot - 285936359892320260
Ready!
Logged in as ArianaBot - 285936359892320260
Ready!
Logged in as ArianaBot - 285936359892320260
Ready!
Logged in as ArianaBot - 285936359892320260
Ready!
Logged in as ArianaBot - 285936359892320260
Ready!
Logged in as ArianaBot - 285936359892320260
Ready!
Logged in as ArianaBot - 285936359892320260
Ready!
ghjk joined Ariana Grande
joeyer5 changed the topic in dangerouswoman to 1 2 3 4 5 Iggy is the greatest rapper alive
hitler was fat has added themselves to the Dangerous Woman role.
JustyG has added themselves to the Dangerous Woman role.
joeyer5 changed the topic in dangerouswoman to wirst icicle ride dick bicycle
Gerardo has either been kicked or left the server.
Help joined Ariana Grande
Ben has either been kicked or left the server.
mother_rucker has either been kicked or left the server.
Logged in as ArianaBot - 285936359892320260
Ready!
Logged in as ArianaBot - 285936359892320260
Ready!
Not Easy Indeed has either been kicked or left the server.
Logged in as ArianaBot - 285936359892320260
Ready!
Logged in as ArianaBot - 285936359892320260
Ready!
Logged in as ArianaBot - 285936359892320260
Ready!
Logged in as ArianaBot - 285936359892320260
Ready!
Logged in as ArianaBot - 285936359892320260
Ready!
Logged in as ArianaBot - 285936359892320260
Ready!
Logged in as ArianaBot - 285936359892320260
Ready!
Logged in as ArianaBot - 285936359892320260
Ready!
Logged in as ArianaBot - 285936359892320260
Ready!
Logged in as ArianaBot - 285936359892320260
Ready!
Logged in as ArianaBot - 285936359892320260
Ready!
Logged in as ArianaBot - 285936359892320260
Ready!
Crono has either been kicked or left the server.
Logged in as ArianaBot - 285936359892320260
Ready!
Max has either been kicked or left the server.
Daniel has added themselves to the Christmas & Chill role.
Daniel has added themselves to the Yours Truly role.
johnhill1009 has either been kicked or left the server.
Logged in as ArianaBot - 285936359892320260
Ready!
Logged in as ArianaBot - 285936359892320260
Ready!
MisterAlex joined Ariana Grande
Logged in as ArianaBot - 285936359892320260
Ready!
Logged in as ArianaBot - 285936359892320260
Ready!
KJ joined Ariana Grande
ErIKlar? joined Ariana Grande
Logged in as ArianaBot - 285936359892320260
Ready!
sadsf joined Ariana Grande
Logged in as ArianaBot - 285936359892320260
Ready!
Logged in as ArianaBot - 285936359892320260
Ready!
Logged in as ArianaBot - 285936359892320260
Ready!
Logged in as ArianaBot - 285936359892320260
Ready!
Ceptic Frenzy has either been kicked or left the server.
Earmuffs joined Ariana Grande
!Jimpex_Gaming joined Ariana Grande
Mr Boo Grande joined Ariana Grande
Earmuffs has added themselves to the Dangerous Woman role.
Mr Boo Grande has added themselves to the Yours Truly role.
Help has either been kicked or left the server.
Logged in as ArianaBot - 285936359892320260
Ready!
Logged in as ArianaBot - 285936359892320260
Ready!
Logged in as ArianaBot - 285936359892320260
Ready!
Logged in as ArianaBot - 285936359892320260
Ready!
Logged in as ArianaBot - 285936359892320260
Ready!
Logged in as ArianaBot - 285936359892320260
Ready!
CrapsTheLucker joined Ariana Grande
Logged in as ArianaBot - 285936359892320260
Ready!
Logged in as ArianaBot - 285936359892320260
Ready!
zlate joined Ariana Grande
stevescott joined Ariana Grande
sia2156 joined Ariana Grande
empty joined Ariana Grande
ilikecooock joined Ariana Grande
bobdebom joined Ariana Grande
jarrod joined Ariana Grande
jarrod has either been kicked or left the server.
anything joined Ariana Grande
Yry joined Ariana Grande
Croissant? joined Ariana Grande
BasicBuddy joined Ariana Grande
Croissant? has either been kicked or left the server.
hej joined Ariana Grande
Sentrix joined Ariana Grande
zXsss joined Ariana Grande
zXsss has either been kicked or left the server.
ArianaLova joined Ariana Grande
TaylorSwiftAndArianaGrande joined Ariana Grande
Hayoots joined Ariana Grande
TaylorSwiftAndArianaGrande has either been kicked or left the server.
ArianaLova has either been kicked or left the server.
Hayoots has either been kicked or left the server.
CrapsTheLucker has added themselves to the Dangerous Woman role.
cvbdfg joined Ariana Grande
blow99 joined Ariana Grande
Logged in as ArianaBot - 285936359892320260
Ready!
Logged in as ArianaBot - 285936359892320260
Ready!
install_g3ntoo joined Ariana Grande
OblongS joined Ariana Grande
Logged in as ArianaBot - 285936359892320260
Ready!
fffffffff joined Ariana Grande
kavunkal joined Ariana Grande
takeryur joined Ariana Grande
KekG joined Ariana Grande
AndryX7 has either been kicked or left the server.
dogberry has either been kicked or left the server.
bob has either been kicked or left the server.
joejoejoe has either been kicked or left the server.
collegedropout has either been kicked or left the server.
cvscv has either been kicked or left the server.
ribtastic has either been kicked or left the server.
DrSteeeve has either been kicked or left the server.
derpderp has either been kicked or left the server.
ff has either been kicked or left the server.
11 has either been kicked or left the server.
bobobobo has either been kicked or left the server.
lewdenberg has either been kicked or left the server.
Wolrdtravelguy has either been kicked or left the server.
Trevor062798 has either been kicked or left the server.
bro has either been kicked or left the server.
CodeDr has either been kicked or left the server.
sunshine526 has either been kicked or left the server.
AriLover has either been kicked or left the server.
asdfasdf has either been kicked or left the server.
awefawef has either been kicked or left the server.
themrnoodle has either been kicked or left the server.
Ermr has either been kicked or left the server.
derpderp has either been kicked or left the server.
Juicy has either been kicked or left the server.
ebey11 has either been kicked or left the server.
blag has either been kicked or left the server.
bellistener has either been kicked or left the server.
ffftttttt has either been kicked or left the server.
sickened has either been kicked or left the server.
wasd has either been kicked or left the server.
swad has either been kicked or left the server.
bloop has either been kicked or left the server.
Big H joined Ariana Grande
Yasuna joined Ariana Grande
Yasuna has either been kicked or left the server.
JamTheMan joined Ariana Grande
Lonewolf2001 joined Ariana Grande
Kevin joined Ariana Grande
Kevin has either been kicked or left the server.
Gir joined Ariana Grande
MrRageQuit joined Ariana Grande
ds joined Ariana Grande
Logged in as ArianaBot - 285936359892320260
Ready!
cothrowaway96-2 joined Ariana Grande
gfgfd joined Ariana Grande
towelie joined Ariana Grande
don'tcallmeshirley joined Ariana Grande
don'tcallmeshirley joined Ariana Grande
don'tcallmeshirley joined Ariana Grande
don'tcallmeshirley joined Ariana Grande
don'tcallmeshirley joined Ariana Grande
don'tcallmeshirley joined Ariana Grande
KTD2017 joined Ariana Grande
IAmHeroiik joined Ariana Grande
BroLo96 joined Ariana Grande
panca joined Ariana Grande
Wenger Out joined Ariana Grande
hambaaaga joined Ariana Grande
Dylan99 joined Ariana Grande
Logged in as ArianaBot - 285936359892320260
Ready!
joeyer5 changed the topic in dangerouswoman to slayriana 😩 💦
Falk joined Ariana Grande
RobDavies77 joined Ariana Grande
patrickdwch2 joined Ariana Grande
patrickdwch2 has either been kicked or left the server.
littlefester18 joined Ariana Grande
A G joined Ariana Grande
zckyee joined Ariana Grande
A G has added themselves to the Yours Truly role.
Logged in as ArianaBot - 285936359892320260
Ready!
RM86 joined Ariana Grande
Logged in as ArianaBot - 285936359892320260
Ready!
Logged in as ArianaBot - 285936359892320260
Ready!
soundmanck joined Ariana Grande
R3 joined Ariana Grande
Snowz joined Ariana Grande
Snowz has either been kicked or left the server.
Blazer93 joined Ariana Grande
mmm joined Ariana Grande
fgjk joined Ariana Grande
Cletus404 has either been kicked or left the server.
Who is the Mole (SC) joined Ariana Grande
AAAAAAA joined Ariana Grande
Anon joined Ariana Grande
fuio joined Ariana Grande
charliecream joined Ariana Grande
James joined Ariana Grande
Gir has either been kicked or left the server.
hello joined Ariana Grande
Rihlena joined Ariana Grande
Rihlena has either been kicked or left the server.
daniliesq joined Ariana Grande
ThatNilhole joined Ariana Grande
ThatNilhole has either been kicked or left the server.
V0X3L joined Ariana Grande
V0X3L has either been kicked or left the server.
LiMasala joined Ariana Grande
Logged in as ArianaBot - 285936359892320260
Ready!
Plofs joined Ariana Grande
reddit4lyfe joined Ariana Grande
dizzyking joined Ariana Grande
danielo joined Ariana Grande
Logged in as ArianaBot - 285936359892320260
Ready!
jo joined Ariana Grande
Logged in as ArianaBot - 285936359892320260
Ready!
gkaakg has either been kicked or left the server.
OK joined Ariana Grande
theoneandonlyari joined Ariana Grande
Logged in as ArianaBot - 285936359892320260
Ready!
tcanaras98 joined Ariana Grande
tcanaras98 has either been kicked or left the server.
Hyperhentai joined Ariana Grande
LiMasala has either been kicked or left the server.
Falk has either been kicked or left the server.
fgr has either been kicked or left the server.
Jim has either been kicked or left the server.
203719 has either been kicked or left the server.
kook has either been kicked or left the server.
Lorena has either been kicked or left the server.
HiImFrank has either been kicked or left the server.
mrnoodle has either been kicked or left the server.
sder has either been kicked or left the server.
erfs has either been kicked or left the server.
erty has either been kicked or left the server.
qwop has either been kicked or left the server.
yuty has either been kicked or left the server.
ghjk has either been kicked or left the server.
KJ has either been kicked or left the server.
ilikecooock has either been kicked or left the server.
Yry has either been kicked or left the server.
cvbdfg has either been kicked or left the server.
DiscordServers joined Ariana Grande
Nullmajorgamer joined Ariana Grande
Ziggsy♞ joined Ariana Grande
Ziggsy♞ has either been kicked or left the server.
Logged in as ArianaBot - 285936359892320260
Ready!
Yukin(Renkazu) joined Ariana Grande
Yukin(Renkazu) has either been kicked or left the server.
Logged in as ArianaBot - 285936359892320260
Ready!
pass`n`6y joined Ariana Grande
pass`n`6y has either been kicked or left the server.
Exifile joined Ariana Grande
Logged in as ArianaBot - 285936359892320260
Ready!
Exifile has either been kicked or left the server.
BroLo96 has either been kicked or left the server.
Logged in as ArianaBot - 285936359892320260
Ready!
KylePlayz joined Ariana Grande
KylePlayz has either been kicked or left the server.
stevescott has either been kicked or left the server.
DarthNihilus has either been kicked or left the server.
Anon has either been kicked or left the server.
fgjk has either been kicked or left the server.
install_g3ntoo has either been kicked or left the server.
fffffffff has either been kicked or left the server.
Big H has either been kicked or left the server.
ds has either been kicked or left the server.
gfgfd has either been kicked or left the server.
don'tcallmeshirley has either been kicked or left the server.
don'tcallmeshirley has either been kicked or left the server.
don'tcallmeshirley has either been kicked or left the server.
don'tcallmeshirley has either been kicked or left the server.
don'tcallmeshirley has either been kicked or left the server.
.. has either been kicked or left the server.
KTD2017 has either been kicked or left the server.
panca has either been kicked or left the server.
Wenger Out has either been kicked or left the server.
AAAAAAA has either been kicked or left the server.
fuio has either been kicked or left the server.
charliecream has either been kicked or left the server.
hello has either been kicked or left the server.
Tom joined Ariana Grande
Tom was banned from the server by joeyer5.
Tom has either been kicked or left the server.
dan joined Ariana Grande
Bondy joined Ariana Grande
littlefester18 has either been kicked or left the server.
T4RD15-T1M3L0RD-Y34H joined Ariana Grande
T4RD15-T1M3L0RD-Y34H has either been kicked or left the server.
riley joined Ariana Grande
rgandhi556 joined Ariana Grande
♥ Aria ♥ (Δ 変換 Henkan) joined Ariana Grande
soccerboyy99 joined Ariana Grande
Logged in as ArianaBot - 285936359892320260
Ready!
2ndCupOfPlutoSperm joined Ariana Grande
DarthNihilus joined Ariana Grande
Logged in as ArianaBot - 285936359892320260
Ready!
♥ Aria ♥ (A Moon Shaped Pool) has either been kicked or left the server.
Logged in as ArianaBot - 285936359892320260
Ready!
Unity/Ryah joined Ariana Grande
Logged in as ArianaBot - 285936359892320260
Ready!
dabBot joined Ariana Grande
icedogg joined Ariana Grande
bhj joined Ariana Grande
Logged in as ArianaBot - 285936359892320260
Ready!
caekwave has either been kicked or left the server.
Jhull joined Ariana Grande
afarmer joined Ariana Grande
mbudden joined Ariana Grande
fenn joined Ariana Grande
fenn has either been kicked or left the server.
mbudden has either been kicked or left the server.
cothrowaway96-2 has either been kicked or left the server.
afarmer has either been kicked or left the server.
Fearless Swiftie changed the topic in dangerouswoman to #PrayersForManchester
alwaysfadedxo joined Ariana Grande
beeflobstah joined Ariana Grande
beeflobstah has either been kicked or left the server.
5/0 joined Ariana Grande
Logged in as ArianaBot - 285936359892320260
Ready!
Solar Skaterr joined Ariana Grande
saltyforyou joined Ariana Grande
Skit7 joined Ariana Grande
Skit7 has either been kicked or left the server.
ismellrudolph joined Ariana Grande
ismellrudolph has either been kicked or left the server.
zoop joined Ariana Grande
reddit4lyfe has either been kicked or left the server.
danielo has either been kicked or left the server.
anything has either been kicked or left the server.
Bondy has either been kicked or left the server.
daniliesq has either been kicked or left the server.
Lonewolf2001 has either been kicked or left the server.
dizzyking has either been kicked or left the server.
jo has either been kicked or left the server.
theoneandonlyari has either been kicked or left the server.
dan has either been kicked or left the server.
riley has either been kicked or left the server.
2ndCupOfPlutoSperm has either been kicked or left the server.
zoop has either been kicked or left the server.
zoop joined Ariana Grande
icedogg has either been kicked or left the server.
Strawberry joined Ariana Grande
No, My Name is Winter joined Ariana Grande
No, My Name is Winter has added themselves to the Dangerous Woman role.
No, My Name is Winter has added themselves to the Christmas & Chill role.
No, My Name is Winter has added themselves to the Dangerous Woman role.
zoop has added themselves to the Dangerous Woman role.
Jhull has added themselves to the Dangerous Woman role.
Berry 🍒 joined Ariana Grande
Berry 🍒 has added themselves to the Dangerous Woman role.
Kurisuto♥ has added themselves to the Dangerous Woman role.
Logged in as ArianaBot - 285936359892320260
Ready!
Logged in as ArianaBot - 285936359892320260
Ready!
saltyforariana has added themselves to the Dangerous Woman role.
Logged in as ArianaBot - 285936359892320260
Ready!
Logged in as ArianaBot - 285936359892320260
Ready!
saltyforyou was muted by joeyer5 in bots.
saltyforyou was unmuted by joeyer5 in bots.
🔥₩₳ⱤⱤłØⱤ🔥 joined Ariana Grande
🔥₩₳ⱤⱤłØⱤ🔥 has either been kicked or left the server.
Logged in as ArianaBot - 285936359892320260
Ready!
Logged in as ArianaBot - 285936359892320260
Ready!
Logged in as ArianaBot - 285936359892320260
Ready!
Mr Boo Grande joined Ariana Grande
Blue joined Ariana Grande
👑Quill👑 joined Ariana Grande
👑Quill👑 has either been kicked or left the server.
Blue has either been kicked or left the server.
FishyCakes joined Ariana Grande
FishyCakes has either been kicked or left the server.
Mr Boo Grande has either been kicked or left the server.
Berry 🍒 has either been kicked or left the server.
soundmanck has either been kicked or left the server.
agbsexting joined Ariana Grande
Logged in as ArianaBot - 285936359892320260
Ready!
Logged in as ArianaBot - 285936359892320260
Ready!
esteemachine joined Ariana Grande
esteemachine has either been kicked or left the server.
module.js:471
    throw err;
    ^

Error: Cannot find module 'mysql'
    at Function.Module._resolveFilename (module.js:469:15)
    at Function.Module._load (module.js:417:25)
    at Module.require (module.js:497:17)
    at require (internal/module.js:20:19)
    at Object.<anonymous> (/home/ec2-user/arianabot/main.js:3:15)
    at Module._compile (module.js:570:32)
    at Object.Module._extensions..js (module.js:579:10)
    at Module.load (module.js:487:32)
    at tryModuleLoad (module.js:446:12)
    at Function.Module._load (module.js:438:3)
module.js:471
    throw err;
    ^

Error: Cannot find module 'mysql'
    at Function.Module._resolveFilename (module.js:469:15)
    at Function.Module._load (module.js:417:25)
    at Module.require (module.js:497:17)
    at require (internal/module.js:20:19)
    at Object.<anonymous> (/home/ec2-user/arianabot/main.js:3:15)
    at Module._compile (module.js:570:32)
    at Object.Module._extensions..js (module.js:579:10)
    at Module.load (module.js:487:32)
    at tryModuleLoad (module.js:446:12)
    at Function.Module._load (module.js:438:3)
Logged in as ArianaBot - 285936359892320260
Ready!
Ari joined Ariana Grande
Logged in as ArianaBot - 285936359892320260
Ready!
TypeError: Cannot read property 'id' of undefined
    at Client.arianaBot.on.err (/home/ec2-user/arianabot/main.js:132:85)
    at emitOne (events.js:96:13)
    at Client.emit (events.js:188:7)
    at MessageCreateHandler.handle (/home/ec2-user/arianabot/node_modules/discord.js/src/client/websocket/packets/handlers/MessageCreate.js:9:34)
    at WebSocketPacketManager.handle (/home/ec2-user/arianabot/node_modules/discord.js/src/client/websocket/packets/WebSocketPacketManager.js:120:65)
    at WebSocketManager.eventMessage (/home/ec2-user/arianabot/node_modules/discord.js/src/client/websocket/WebSocketManager.js:273:31)
    at WebSocket.onMessage (/home/ec2-user/arianabot/node_modules/ws/lib/WebSocket.js:442:14)
    at emitTwo (events.js:106:13)
    at WebSocket.emit (events.js:191:7)
    at Receiver.ontext (/home/ec2-user/arianabot/node_modules/ws/lib/WebSocket.js:841:10)
Fearless Swiftie changed the topic in <#318804464007905290> to: delet this.
xKito joined Ariana Grande
Robby has either been kicked or left the server.
Logged in as ArianaBot - 285936359892320260
Ready!
Logged in as ArianaBot - 285936359892320260
Ready!
Logged in as ArianaBot - 285936359892320260
Ready!
Logged in as ArianaBot - 285936359892320260
Ready!
events.js:160
      throw er; // Unhandled 'error' event
      ^

Error: Connection lost: The server closed the connection.
    at Protocol.end (/home/ec2-user/arianabot/node_modules/mysql/lib/protocol/Protocol.js:109:13)
    at Socket.<anonymous> (/home/ec2-user/arianabot/node_modules/mysql/lib/Connection.js:109:28)
    at emitNone (events.js:91:20)
    at Socket.emit (events.js:185:7)
    at endReadableNT (_stream_readable.js:974:12)
    at _combinedTickCallback (internal/process/next_tick.js:74:11)
    at process._tickCallback (internal/process/next_tick.js:98:9)
JustyG changed the topic in <#285493585120591892> to: We Love Ross.
Logged in as ArianaBot - 285936359892320260
Ready!
Logged in as ArianaBot - 285936359892320260
Ready!
Stylerer has either been kicked or left the server.
Logged in as ArianaBot - 285936359892320260
Ready!
Logged in as ArianaBot - 285936359892320260
Ready!
louis.b joined Ariana Grande
Danny Grande joined Ariana Grande
Logged in as ArianaBot - 285936359892320260
Ready!
Logged in as ArianaBot - 285936359892320260
Ready!
louis.b has either been kicked or left the server.
louis.b rejoined Ariana Grande
eTHAN has either been kicked or left the server.
Bitsy has either been kicked or left the server.
Fearless Swiftie has cleared their favorite album. Appropriate roles have been removed.
/home/ec2-user/arianabot/main.js:38
    [user.id, user.username, user.discriminator, message.guild.id, user.username]);
                                                              ^

TypeError: Cannot read property 'id' of null
    at Client.arianaBot.on.err (/home/ec2-user/arianabot/main.js:38:63)
    at emitOne (events.js:96:13)
    at Client.emit (events.js:188:7)
    at MessageCreateHandler.handle (/home/ec2-user/arianabot/node_modules/discord.js/src/client/websocket/packets/handlers/MessageCreate.js:9:34)
    at WebSocketPacketManager.handle (/home/ec2-user/arianabot/node_modules/discord.js/src/client/websocket/packets/WebSocketPacketManager.js:120:65)
    at WebSocketManager.eventMessage (/home/ec2-user/arianabot/node_modules/discord.js/src/client/websocket/WebSocketManager.js:273:31)
    at WebSocket.onMessage (/home/ec2-user/arianabot/node_modules/ws/lib/WebSocket.js:442:14)
    at emitTwo (events.js:106:13)
    at WebSocket.emit (events.js:191:7)
    at Receiver.ontext (/home/ec2-user/arianabot/node_modules/ws/lib/WebSocket.js:841:10)
Logged in as ArianaBot - 285936359892320260
Ready!
Fearless Swiftie has added themselves to the Yours Truly role.
/home/ec2-user/arianabot/main.js:38
    [user.id, user.username, user.discriminator, message.guild.id, user.username]);
                                                              ^

TypeError: Cannot read property 'id' of null
    at Client.arianaBot.on.err (/home/ec2-user/arianabot/main.js:38:63)
    at emitOne (events.js:96:13)
    at Client.emit (events.js:188:7)
    at MessageCreateHandler.handle (/home/ec2-user/arianabot/node_modules/discord.js/src/client/websocket/packets/handlers/MessageCreate.js:9:34)
    at WebSocketPacketManager.handle (/home/ec2-user/arianabot/node_modules/discord.js/src/client/websocket/packets/WebSocketPacketManager.js:120:65)
    at WebSocketManager.eventMessage (/home/ec2-user/arianabot/node_modules/discord.js/src/client/websocket/WebSocketManager.js:273:31)
    at WebSocket.onMessage (/home/ec2-user/arianabot/node_modules/ws/lib/WebSocket.js:442:14)
    at emitTwo (events.js:106:13)
    at WebSocket.emit (events.js:191:7)
    at Receiver.ontext (/home/ec2-user/arianabot/node_modules/ws/lib/WebSocket.js:841:10)
Logged in as ArianaBot - 285936359892320260
Ready!
maxis joined Ariana Grande
events.js:160
      throw er; // Unhandled 'error' event
      ^

Error: Connection lost: The server closed the connection.
    at Protocol.end (/home/ec2-user/arianabot/node_modules/mysql/lib/protocol/Protocol.js:109:13)
    at Socket.<anonymous> (/home/ec2-user/arianabot/node_modules/mysql/lib/Connection.js:109:28)
    at emitNone (events.js:91:20)
    at Socket.emit (events.js:185:7)
    at endReadableNT (_stream_readable.js:974:12)
    at _combinedTickCallback (internal/process/next_tick.js:74:11)
    at process._tickCallback (internal/process/next_tick.js:98:9)
Logged in as ArianaBot - 285936359892320260
Ready!
JohnnyGPosts joined Ariana Grande
Logged in as ArianaBot - 285936359892320260
Ready!
JustyG changed the topic in <#285493585120591892> to: #OneLoveManchester.
AndyHeart1766 joined Ariana Grande
coolboy joined Ariana Grande
JamesMat joined Ariana Grande
jackbrojames joined Ariana Grande
jeremygarrenson joined Ariana Grande
DarthSynis joined Ariana Grande
bangbangariana420 joined Ariana Grande
coscorrodrift joined Ariana Grande
Oblivion joined Ariana Grande
hsibji joined Ariana Grande

<--- Last few GCs --->

41045543 ms: Scavenge 15.8 (23.0) -> 15.0 (23.0) MB, 5.2 / 0.0 ms [allocation failure].
41642566 ms: Scavenge 16.0 (23.0) -> 15.2 (23.0) MB, 13.9 / 3.0 ms [allocation failure].
42494758 ms: Scavenge 16.2 (23.0) -> 15.3 (23.0) MB, 6.2 / 0.0 ms [allocation failure].
42902790 ms: Scavenge 16.3 (23.0) -> 15.4 (23.0) MB, 7.9 / 0.0 ms [allocation failure].
43158961 ms: Scavenge 16.4 (23.0) -> 15.5 (23.0) MB, 5.8 / 0.0 ms [allocation failure].


<--- JS stacktrace --->

==== JS stack trace =========================================

Security context: 0x368448acfb51 <JS Object>
    2: escapeString [/home/ec2-user/arianabot/node_modules/sqlstring/lib/SqlString.js:189] [pc=0x19f19c50e1bb] (this=0xe8a93da5ae1 <JS Global Object>,val=0x2c065708751 <String[15]\: ThatWavyAve \xd83d\xdc51\x2728>)
    3: escape [/home/ec2-user/arianabot/node_modules/sqlstring/lib/SqlString.js:53] [pc=0x19f19c50defc] (this=0x33b504e19b41 <an Object with map 0x8cbe3d9e3b9>,val=0x2c065708751 <Str...

FATAL ERROR: Committing semi space failed. Allocation failed - process out of memory
 1: node::Abort() [node]
 2: 0x10983ec [node]
 3: v8::Utils::ReportApiFailure(char const*, char const*) [node]
 4: v8::internal::V8::FatalProcessOutOfMemory(char const*, bool) [node]
 5: v8::internal::Heap::PerformGarbageCollection(v8::internal::GarbageCollector, v8::GCCallbackFlags) [node]
 6: v8::internal::Heap::CollectGarbage(v8::internal::GarbageCollector, char const*, char const*, v8::GCCallbackFlags) [node]
 7: v8::internal::Factory::NewFillerObject(int, bool, v8::internal::AllocationSpace) [node]
 8: v8::internal::Runtime_AllocateInTargetSpace(int, v8::internal::Object**, v8::internal::Isolate*) [node]
 9: 0x19f19c0079a7
Logged in as ArianaBot - 285936359892320260
Ready!
JamesMat has either been kicked or left the server.
Logged in as ArianaBot - 285936359892320260
Ready!
coscorrodrift has added themselves to the My Everything role.
/home/ec2-user/arianabot/main.js:38
    [user.id, user.username, user.discriminator, message.guild.id, user.username]);
                                                              ^

TypeError: Cannot read property 'id' of null
    at Client.arianaBot.on.err (/home/ec2-user/arianabot/main.js:38:63)
    at emitOne (events.js:96:13)
    at Client.emit (events.js:188:7)
    at MessageCreateHandler.handle (/home/ec2-user/arianabot/node_modules/discord.js/src/client/websocket/packets/handlers/MessageCreate.js:9:34)
    at WebSocketPacketManager.handle (/home/ec2-user/arianabot/node_modules/discord.js/src/client/websocket/packets/WebSocketPacketManager.js:120:65)
    at WebSocketManager.eventMessage (/home/ec2-user/arianabot/node_modules/discord.js/src/client/websocket/WebSocketManager.js:273:31)
    at WebSocket.onMessage (/home/ec2-user/arianabot/node_modules/ws/lib/WebSocket.js:442:14)
    at emitTwo (events.js:106:13)
    at WebSocket.emit (events.js:191:7)
    at Receiver.ontext (/home/ec2-user/arianabot/node_modules/ws/lib/WebSocket.js:841:10)
Logged in as ArianaBot - 285936359892320260
Ready!
